# JRE version: OpenJDK Runtime Environment Temurin-21.0.7+6 (21.0.7+6) (build 21.0.7+6-LTS)
# Java VM: OpenJDK 64-Bit Server VM Temurin-21.0.7+6 (21.0.7+6-LTS, mixed mode, sharing, tiered, compressed oops, compressed class ptrs, parallel gc, windows-amd64)
GC Precious Log:
 CardTable entry size: 512
 CPUs: 16 total, 16 available
 Memory: 20187M
 Large Page Support: Disabled
 NUMA Support: Disabled
 Compressed Oops: Enabled (32-bit)
 Alignments: Space 512K, Generation 512K, Heap 2M
 Heap Min Capacity: 100M
 Heap Initial Capacity: 100M
 Heap Max Capacity: 2G
 Pre-touch: Disabled
 Parallel Workers: 13
Heap:
 PSYoungGen      total 9728K, used 992K [0x00000000d5580000, 0x00000000d6200000, 0x0000000100000000)
  eden space 8704K, 0% used [0x00000000d5580000,0x00000000d5580000,0x00000000d5e00000)
  from space 1024K, 96% used [0x00000000d6100000,0x00000000d61f8020,0x00000000d6200000)
  to   space 1536K, 0% used [0x00000000d5e00000,0x00000000d5e00000,0x00000000d5f80000)
 ParOldGen       total 633856K, used 633545K [0x0000000080000000, 0x00000000a6b00000, 0x00000000d5580000)
  object space 633856K, 99% used [0x0000000080000000,0x00000000a6ab2558,0x00000000a6b00000)
 Metaspace       used 81104K, committed 82880K, reserved 1179648K
  class space    used 8095K, committed 8960K, reserved 1048576K
GC Heap History (20 events):
Event: 647.427 GC heap after
{Heap after GC invocations=887 (full 4):
 PSYoungGen      total 7168K, used 640K [0x00000000d5580000, 0x00000000d5f00000, 0x0000000100000000)
  eden space 6144K, 0% used [0x00000000d5580000,0x00000000d5580000,0x00000000d5b80000)
  from space 1024K, 62% used [0x00000000d5b80000,0x00000000d5c20000,0x00000000d5c80000)
  to   space 1024K, 0% used [0x00000000d5e00000,0x00000000d5e00000,0x00000000d5f00000)
 ParOldGen       total 625152K, used 624962K [0x0000000080000000, 0x00000000a6280000, 0x00000000d5580000)
  object space 625152K, 99% used [0x0000000080000000,0x00000000a62509c8,0x00000000a6280000)
 Metaspace       used 81072K, committed 82880K, reserved 1179648K
  class space    used 8090K, committed 8960K, reserved 1048576K
}
Event: 647.437 GC heap before
{Heap before GC invocations=888 (full 4):
 PSYoungGen      total 7168K, used 6784K [0x00000000d5580000, 0x00000000d5f00000, 0x0000000100000000)
  eden space 6144K, 100% used [0x00000000d5580000,0x00000000d5b80000,0x00000000d5b80000)
  from space 1024K, 62% used [0x00000000d5b80000,0x00000000d5c20000,0x00000000d5c80000)
  to   space 1024K, 0% used [0x00000000d5e00000,0x00000000d5e00000,0x00000000d5f00000)
 ParOldGen       total 625152K, used 624962K [0x0000000080000000, 0x00000000a6280000, 0x00000000d5580000)
  object space 625152K, 99% used [0x0000000080000000,0x00000000a62509c8,0x00000000a6280000)
 Metaspace       used 81072K, committed 82880K, reserved 1179648K
  class space    used 8090K, committed 8960K, reserved 1048576K
}
Event: 647.438 GC heap after
{Heap after GC invocations=888 (full 4):
 PSYoungGen      total 8704K, used 868K [0x00000000d5580000, 0x00000000d5f00000, 0x0000000100000000)
  eden space 7680K, 0% used [0x00000000d5580000,0x00000000d5580000,0x00000000d5d00000)
  from space 1024K, 84% used [0x00000000d5e00000,0x00000000d5ed9210,0x00000000d5f00000)
  to   space 1024K, 0% used [0x00000000d5d00000,0x00000000d5d00000,0x00000000d5e00000)
 ParOldGen       total 625664K, used 625386K [0x0000000080000000, 0x00000000a6300000, 0x00000000d5580000)
  object space 625664K, 99% used [0x0000000080000000,0x00000000a62baa28,0x00000000a6300000)
 Metaspace       used 81072K, committed 82880K, reserved 1179648K
  class space    used 8090K, committed 8960K, reserved 1048576K
}
Event: 647.443 GC heap before
{Heap before GC invocations=889 (full 4):
 PSYoungGen      total 8704K, used 8548K [0x00000000d5580000, 0x00000000d5f00000, 0x0000000100000000)
  eden space 7680K, 100% used [0x00000000d5580000,0x00000000d5d00000,0x00000000d5d00000)
  from space 1024K, 84% used [0x00000000d5e00000,0x00000000d5ed9210,0x00000000d5f00000)
  to   space 1024K, 0% used [0x00000000d5d00000,0x00000000d5d00000,0x00000000d5e00000)
 ParOldGen       total 625664K, used 625386K [0x0000000080000000, 0x00000000a6300000, 0x00000000d5580000)
  object space 625664K, 99% used [0x0000000080000000,0x00000000a62baa28,0x00000000a6300000)
 Metaspace       used 81076K, committed 82880K, reserved 1179648K
  class space    used 8090K, committed 8960K, reserved 1048576K
}
Event: 647.444 GC heap after
{Heap after GC invocations=889 (full 4):
 PSYoungGen      total 8704K, used 1008K [0x00000000d5580000, 0x00000000d6180000, 0x0000000100000000)
  eden space 7680K, 0% used [0x00000000d5580000,0x00000000d5580000,0x00000000d5d00000)
  from space 1024K, 98% used [0x00000000d5d00000,0x00000000d5dfc010,0x00000000d5e00000)
  to   space 1536K, 0% used [0x00000000d6000000,0x00000000d6000000,0x00000000d6180000)
 ParOldGen       total 626176K, used 626038K [0x0000000080000000, 0x00000000a6380000, 0x00000000d5580000)
  object space 626176K, 99% used [0x0000000080000000,0x00000000a635da88,0x00000000a6380000)
 Metaspace       used 81076K, committed 82880K, reserved 1179648K
  class space    used 8090K, committed 8960K, reserved 1048576K
}
Event: 647.449 GC heap before
{Heap before GC invocations=890 (full 4):
 PSYoungGen      total 8704K, used 8688K [0x00000000d5580000, 0x00000000d6180000, 0x0000000100000000)
  eden space 7680K, 100% used [0x00000000d5580000,0x00000000d5d00000,0x00000000d5d00000)
  from space 1024K, 98% used [0x00000000d5d00000,0x00000000d5dfc010,0x00000000d5e00000)
  to   space 1536K, 0% used [0x00000000d6000000,0x00000000d6000000,0x00000000d6180000)
 ParOldGen       total 626176K, used 626038K [0x0000000080000000, 0x00000000a6380000, 0x00000000d5580000)
  object space 626176K, 99% used [0x0000000080000000,0x00000000a635da88,0x00000000a6380000)
 Metaspace       used 81076K, committed 82880K, reserved 1179648K
  class space    used 8090K, committed 8960K, reserved 1048576K
}
Event: 647.450 GC heap after
{Heap after GC invocations=890 (full 4):
 PSYoungGen      total 10240K, used 768K [0x00000000d5580000, 0x00000000d6100000, 0x0000000100000000)
  eden space 9216K, 0% used [0x00000000d5580000,0x00000000d5580000,0x00000000d5e80000)
  from space 1024K, 75% used [0x00000000d6000000,0x00000000d60c0020,0x00000000d6100000)
  to   space 1024K, 0% used [0x00000000d5f00000,0x00000000d5f00000,0x00000000d6000000)
 ParOldGen       total 627200K, used 626860K [0x0000000080000000, 0x00000000a6480000, 0x00000000d5580000)
  object space 627200K, 99% used [0x0000000080000000,0x00000000a642b2f8,0x00000000a6480000)
 Metaspace       used 81076K, committed 82880K, reserved 1179648K
  class space    used 8090K, committed 8960K, reserved 1048576K
}
Event: 647.456 GC heap before
{Heap before GC invocations=891 (full 4):
 PSYoungGen      total 10240K, used 9984K [0x00000000d5580000, 0x00000000d6100000, 0x0000000100000000)
  eden space 9216K, 100% used [0x00000000d5580000,0x00000000d5e80000,0x00000000d5e80000)
  from space 1024K, 75% used [0x00000000d6000000,0x00000000d60c0020,0x00000000d6100000)
  to   space 1024K, 0% used [0x00000000d5f00000,0x00000000d5f00000,0x00000000d6000000)
 ParOldGen       total 627200K, used 626860K [0x0000000080000000, 0x00000000a6480000, 0x00000000d5580000)
  object space 627200K, 99% used [0x0000000080000000,0x00000000a642b2f8,0x00000000a6480000)
 Metaspace       used 81076K, committed 82880K, reserved 1179648K
  class space    used 8090K, committed 8960K, reserved 1048576K
}
Event: 647.458 GC heap after
{Heap after GC invocations=891 (full 4):
 PSYoungGen      total 10240K, used 864K [0x00000000d5580000, 0x00000000d6080000, 0x0000000100000000)
  eden space 9216K, 0% used [0x00000000d5580000,0x00000000d5580000,0x00000000d5e80000)
  from space 1024K, 84% used [0x00000000d5f00000,0x00000000d5fd8000,0x00000000d6000000)
  to   space 512K, 0% used [0x00000000d6000000,0x00000000d6000000,0x00000000d6080000)
 ParOldGen       total 627712K, used 627436K [0x0000000080000000, 0x00000000a6500000, 0x00000000d5580000)
  object space 627712K, 99% used [0x0000000080000000,0x00000000a64bb338,0x00000000a6500000)
 Metaspace       used 81076K, committed 82880K, reserved 1179648K
  class space    used 8090K, committed 8960K, reserved 1048576K
}
Event: 647.475 GC heap before
{Heap before GC invocations=892 (full 4):
 PSYoungGen      total 10240K, used 10080K [0x00000000d5580000, 0x00000000d6080000, 0x0000000100000000)
  eden space 9216K, 100% used [0x00000000d5580000,0x00000000d5e80000,0x00000000d5e80000)
  from space 1024K, 84% used [0x00000000d5f00000,0x00000000d5fd8000,0x00000000d6000000)
  to   space 512K, 0% used [0x00000000d6000000,0x00000000d6000000,0x00000000d6080000)
 ParOldGen       total 627712K, used 627436K [0x0000000080000000, 0x00000000a6500000, 0x00000000d5580000)
  object space 627712K, 99% used [0x0000000080000000,0x00000000a64bb338,0x00000000a6500000)
 Metaspace       used 81080K, committed 82880K, reserved 1179648K
  class space    used 8090K, committed 8960K, reserved 1048576K
}
Event: 647.477 GC heap after
{Heap after GC invocations=892 (full 4):
 PSYoungGen      total 9216K, used 506K [0x00000000d5580000, 0x00000000d6280000, 0x0000000100000000)
  eden space 8704K, 0% used [0x00000000d5580000,0x00000000d5580000,0x00000000d5e00000)
  from space 512K, 98% used [0x00000000d6000000,0x00000000d607e900,0x00000000d6080000)
  to   space 2048K, 0% used [0x00000000d5e00000,0x00000000d5e00000,0x00000000d6000000)
 ParOldGen       total 628736K, used 628650K [0x0000000080000000, 0x00000000a6600000, 0x00000000d5580000)
  object space 628736K, 99% used [0x0000000080000000,0x00000000a65eabf8,0x00000000a6600000)
 Metaspace       used 81080K, committed 82880K, reserved 1179648K
  class space    used 8090K, committed 8960K, reserved 1048576K
}
Event: 647.489 GC heap before
{Heap before GC invocations=893 (full 4):
 PSYoungGen      total 9216K, used 9210K [0x00000000d5580000, 0x00000000d6280000, 0x0000000100000000)
  eden space 8704K, 100% used [0x00000000d5580000,0x00000000d5e00000,0x00000000d5e00000)
  from space 512K, 98% used [0x00000000d6000000,0x00000000d607e900,0x00000000d6080000)
  to   space 2048K, 0% used [0x00000000d5e00000,0x00000000d5e00000,0x00000000d6000000)
 ParOldGen       total 628736K, used 628650K [0x0000000080000000, 0x00000000a6600000, 0x00000000d5580000)
  object space 628736K, 99% used [0x0000000080000000,0x00000000a65eabf8,0x00000000a6600000)
 Metaspace       used 81080K, committed 82880K, reserved 1179648K
  class space    used 8090K, committed 8960K, reserved 1048576K
}
Event: 647.491 GC heap after
{Heap after GC invocations=893 (full 4):
 PSYoungGen      total 10240K, used 1204K [0x00000000d5580000, 0x00000000d6100000, 0x0000000100000000)
  eden space 8704K, 0% used [0x00000000d5580000,0x00000000d5580000,0x00000000d5e00000)
  from space 1536K, 78% used [0x00000000d5e00000,0x00000000d5f2d200,0x00000000d5f80000)
  to   space 1536K, 0% used [0x00000000d5f80000,0x00000000d5f80000,0x00000000d6100000)
 ParOldGen       total 629248K, used 629132K [0x0000000080000000, 0x00000000a6680000, 0x00000000d5580000)
  object space 629248K, 99% used [0x0000000080000000,0x00000000a6663028,0x00000000a6680000)
 Metaspace       used 81080K, committed 82880K, reserved 1179648K
  class space    used 8090K, committed 8960K, reserved 1048576K
}
Event: 647.500 GC heap before
{Heap before GC invocations=894 (full 4):
 PSYoungGen      total 10240K, used 9908K [0x00000000d5580000, 0x00000000d6100000, 0x0000000100000000)
  eden space 8704K, 100% used [0x00000000d5580000,0x00000000d5e00000,0x00000000d5e00000)
  from space 1536K, 78% used [0x00000000d5e00000,0x00000000d5f2d200,0x00000000d5f80000)
  to   space 1536K, 0% used [0x00000000d5f80000,0x00000000d5f80000,0x00000000d6100000)
 ParOldGen       total 629248K, used 629132K [0x0000000080000000, 0x00000000a6680000, 0x00000000d5580000)
  object space 629248K, 99% used [0x0000000080000000,0x00000000a6663028,0x00000000a6680000)
 Metaspace       used 81081K, committed 82880K, reserved 1179648K
  class space    used 8090K, committed 8960K, reserved 1048576K
}
Event: 647.501 GC heap after
{Heap after GC invocations=894 (full 4):
 PSYoungGen      total 10240K, used 1034K [0x00000000d5580000, 0x00000000d6100000, 0x0000000100000000)
  eden space 8704K, 0% used [0x00000000d5580000,0x00000000d5580000,0x00000000d5e00000)
  from space 1536K, 67% used [0x00000000d5f80000,0x00000000d6082930,0x00000000d6100000)
  to   space 1536K, 0% used [0x00000000d5e00000,0x00000000d5e00000,0x00000000d5f80000)
 ParOldGen       total 630272K, used 630128K [0x0000000080000000, 0x00000000a6780000, 0x00000000d5580000)
  object space 630272K, 99% used [0x0000000080000000,0x00000000a675c258,0x00000000a6780000)
 Metaspace       used 81081K, committed 82880K, reserved 1179648K
  class space    used 8090K, committed 8960K, reserved 1048576K
}
Event: 647.509 GC heap before
{Heap before GC invocations=895 (full 4):
 PSYoungGen      total 10240K, used 9738K [0x00000000d5580000, 0x00000000d6100000, 0x0000000100000000)
  eden space 8704K, 100% used [0x00000000d5580000,0x00000000d5e00000,0x00000000d5e00000)
  from space 1536K, 67% used [0x00000000d5f80000,0x00000000d6082930,0x00000000d6100000)
  to   space 1536K, 0% used [0x00000000d5e00000,0x00000000d5e00000,0x00000000d5f80000)
 ParOldGen       total 630272K, used 630128K [0x0000000080000000, 0x00000000a6780000, 0x00000000d5580000)
  object space 630272K, 99% used [0x0000000080000000,0x00000000a675c258,0x00000000a6780000)
 Metaspace       used 81081K, committed 82880K, reserved 1179648K
  class space    used 8090K, committed 8960K, reserved 1048576K
}
Event: 647.510 GC heap after
{Heap after GC invocations=895 (full 4):
 PSYoungGen      total 10240K, used 1312K [0x00000000d5580000, 0x00000000d6100000, 0x0000000100000000)
  eden space 8704K, 0% used [0x00000000d5580000,0x00000000d5580000,0x00000000d5e00000)
  from space 1536K, 85% used [0x00000000d5e00000,0x00000000d5f48000,0x00000000d5f80000)
  to   space 1536K, 0% used [0x00000000d5f80000,0x00000000d5f80000,0x00000000d6100000)
 ParOldGen       total 631296K, used 630971K [0x0000000080000000, 0x00000000a6880000, 0x00000000d5580000)
  object space 631296K, 99% used [0x0000000080000000,0x00000000a682ecf8,0x00000000a6880000)
 Metaspace       used 81081K, committed 82880K, reserved 1179648K
  class space    used 8090K, committed 8960K, reserved 1048576K
}
Event: 647.517 GC heap before
{Heap before GC invocations=896 (full 4):
 PSYoungGen      total 10240K, used 10016K [0x00000000d5580000, 0x00000000d6100000, 0x0000000100000000)
  eden space 8704K, 100% used [0x00000000d5580000,0x00000000d5e00000,0x00000000d5e00000)
  from space 1536K, 85% used [0x00000000d5e00000,0x00000000d5f48000,0x00000000d5f80000)
  to   space 1536K, 0% used [0x00000000d5f80000,0x00000000d5f80000,0x00000000d6100000)
 ParOldGen       total 631296K, used 630971K [0x0000000080000000, 0x00000000a6880000, 0x00000000d5580000)
  object space 631296K, 99% used [0x0000000080000000,0x00000000a682ecf8,0x00000000a6880000)
 Metaspace       used 81081K, committed 82880K, reserved 1179648K
  class space    used 8090K, committed 8960K, reserved 1048576K
}
Event: 649.525 GC heap after
{Heap after GC invocations=896 (full 4):
 PSYoungGen      total 10240K, used 880K [0x00000000d5580000, 0x00000000d6300000, 0x0000000100000000)
  eden space 8704K, 0% used [0x00000000d5580000,0x00000000d5580000,0x00000000d5e00000)
  from space 1536K, 57% used [0x00000000d5f80000,0x00000000d605c030,0x00000000d6100000)
  to   space 1536K, 0% used [0x00000000d5e00000,0x00000000d5e00000,0x00000000d5f80000)
 ParOldGen       total 632320K, used 632075K [0x0000000080000000, 0x00000000a6980000, 0x00000000d5580000)
  object space 632320K, 99% used [0x0000000080000000,0x00000000a6942d38,0x00000000a6980000)
 Metaspace       used 81081K, committed 82880K, reserved 1179648K
  class space    used 8090K, committed 8960K, reserved 1048576K
}
Event: 649.551 GC heap before
{Heap before GC invocations=897 (full 4):
 PSYoungGen      total 10240K, used 9583K [0x00000000d5580000, 0x00000000d6300000, 0x0000000100000000)
  eden space 8704K, 99% used [0x00000000d5580000,0x00000000d5dfffb0,0x00000000d5e00000)
  from space 1536K, 57% used [0x00000000d5f80000,0x00000000d605c030,0x00000000d6100000)
  to   space 1536K, 0% used [0x00000000d5e00000,0x00000000d5e00000,0x00000000d5f80000)
 ParOldGen       total 632320K, used 632075K [0x0000000080000000, 0x00000000a6980000, 0x00000000d5580000)
  object space 632320K, 99% used [0x0000000080000000,0x00000000a6942d38,0x00000000a6980000)
 Metaspace       used 81104K, committed 82880K, reserved 1179648K
  class space    used 8095K, committed 8960K, reserved 1048576K
}

