# JRE version: OpenJDK Runtime Environment Temurin-21.0.7+6 (21.0.7+6) (build 21.0.7+6-LTS)
# Java VM: OpenJDK 64-Bit Server VM Temurin-21.0.7+6 (21.0.7+6-LTS, mixed mode, sharing, tiered, compressed oops, compressed class ptrs, parallel gc, windows-amd64)
GC Precious Log:
 CardTable entry size: 512
 CPUs: 16 total, 16 available
 Memory: 20187M
 Large Page Support: Disabled
 NUMA Support: Disabled
 Compressed Oops: Enabled (32-bit)
 Alignments: Space 512K, Generation 512K, Heap 2M
 Heap Min Capacity: 100M
 Heap Initial Capacity: 100M
 Heap Max Capacity: 2G
 Pre-touch: Disabled
 Parallel Workers: 13
Heap:
 PSYoungGen      total 9728K, used 1367K [0x00000000d5580000, 0x00000000d6000000, 0x0000000100000000)
  eden space 8704K, 8% used [0x00000000d5580000,0x00000000d562f530,0x00000000d5e00000)
  from space 1024K, 65% used [0x00000000d5e00000,0x00000000d5ea6900,0x00000000d5f00000)
  to   space 1024K, 0% used [0x00000000d5f00000,0x00000000d5f00000,0x00000000d6000000)
 ParOldGen       total 708608K, used 708162K [0x0000000080000000, 0x00000000ab400000, 0x00000000d5580000)
  object space 708608K, 99% used [0x0000000080000000,0x00000000ab390928,0x00000000ab400000)
 Metaspace       used 89636K, committed 91584K, reserved 1179648K
  class space    used 8656K, committed 9664K, reserved 1048576K
GC Heap History (20 events):
Event: 3501.291 GC heap before
{Heap before GC invocations=3899 (full 7):
 PSYoungGen      total 9216K, used 9200K [0x00000000d5580000, 0x00000000d6180000, 0x0000000100000000)
  eden space 8192K, 100% used [0x00000000d5580000,0x00000000d5d80000,0x00000000d5d80000)
  from space 1024K, 98% used [0x00000000d5e00000,0x00000000d5efc010,0x00000000d5f00000)
  to   space 2048K, 0% used [0x00000000d5f80000,0x00000000d5f80000,0x00000000d6180000)
 ParOldGen       total 700928K, used 700749K [0x0000000080000000, 0x00000000aac80000, 0x00000000d5580000)
  object space 700928K, 99% used [0x0000000080000000,0x00000000aac53768,0x00000000aac80000)
 Metaspace       used 89632K, committed 91584K, reserved 1179648K
  class space    used 8656K, committed 9664K, reserved 1048576K
}
Event: 3501.294 GC heap after
{Heap after GC invocations=3899 (full 7):
 PSYoungGen      total 9728K, used 1332K [0x00000000d5580000, 0x00000000d6100000, 0x0000000100000000)
  eden space 8192K, 0% used [0x00000000d5580000,0x00000000d5580000,0x00000000d5d80000)
  from space 1536K, 86% used [0x00000000d5f80000,0x00000000d60cd200,0x00000000d6100000)
  to   space 1536K, 0% used [0x00000000d5e00000,0x00000000d5e00000,0x00000000d5f80000)
 ParOldGen       total 701952K, used 701561K [0x0000000080000000, 0x00000000aad80000, 0x00000000d5580000)
  object space 701952K, 99% used [0x0000000080000000,0x00000000aad1e660,0x00000000aad80000)
 Metaspace       used 89632K, committed 91584K, reserved 1179648K
  class space    used 8656K, committed 9664K, reserved 1048576K
}
Event: 3501.303 GC heap before
{Heap before GC invocations=3900 (full 7):
 PSYoungGen      total 9728K, used 9524K [0x00000000d5580000, 0x00000000d6100000, 0x0000000100000000)
  eden space 8192K, 100% used [0x00000000d5580000,0x00000000d5d80000,0x00000000d5d80000)
  from space 1536K, 86% used [0x00000000d5f80000,0x00000000d60cd200,0x00000000d6100000)
  to   space 1536K, 0% used [0x00000000d5e00000,0x00000000d5e00000,0x00000000d5f80000)
 ParOldGen       total 701952K, used 701561K [0x0000000080000000, 0x00000000aad80000, 0x00000000d5580000)
  object space 701952K, 99% used [0x0000000080000000,0x00000000aad1e660,0x00000000aad80000)
 Metaspace       used 89632K, committed 91584K, reserved 1179648K
  class space    used 8656K, committed 9664K, reserved 1048576K
}
Event: 3501.307 GC heap after
{Heap after GC invocations=3900 (full 7):
 PSYoungGen      total 10240K, used 752K [0x00000000d5580000, 0x00000000d6180000, 0x0000000100000000)
  eden space 8704K, 0% used [0x00000000d5580000,0x00000000d5580000,0x00000000d5e00000)
  from space 1536K, 48% used [0x00000000d5e00000,0x00000000d5ebc010,0x00000000d5f80000)
  to   space 1024K, 0% used [0x00000000d6080000,0x00000000d6080000,0x00000000d6180000)
 ParOldGen       total 702976K, used 702709K [0x0000000080000000, 0x00000000aae80000, 0x00000000d5580000)
  object space 702976K, 99% used [0x0000000080000000,0x00000000aae3d700,0x00000000aae80000)
 Metaspace       used 89632K, committed 91584K, reserved 1179648K
  class space    used 8656K, committed 9664K, reserved 1048576K
}
Event: 3501.320 GC heap before
{Heap before GC invocations=3901 (full 7):
 PSYoungGen      total 10240K, used 9456K [0x00000000d5580000, 0x00000000d6180000, 0x0000000100000000)
  eden space 8704K, 100% used [0x00000000d5580000,0x00000000d5e00000,0x00000000d5e00000)
  from space 1536K, 48% used [0x00000000d5e00000,0x00000000d5ebc010,0x00000000d5f80000)
  to   space 1024K, 0% used [0x00000000d6080000,0x00000000d6080000,0x00000000d6180000)
 ParOldGen       total 702976K, used 702709K [0x0000000080000000, 0x00000000aae80000, 0x00000000d5580000)
  object space 702976K, 99% used [0x0000000080000000,0x00000000aae3d700,0x00000000aae80000)
 Metaspace       used 89632K, committed 91584K, reserved 1179648K
  class space    used 8656K, committed 9664K, reserved 1048576K
}
Event: 3501.324 GC heap after
{Heap after GC invocations=3901 (full 7):
 PSYoungGen      total 11264K, used 864K [0x00000000d5580000, 0x00000000d6200000, 0x0000000100000000)
  eden space 10240K, 0% used [0x00000000d5580000,0x00000000d5580000,0x00000000d5f80000)
  from space 1024K, 84% used [0x00000000d6080000,0x00000000d6158020,0x00000000d6180000)
  to   space 1024K, 0% used [0x00000000d5f80000,0x00000000d5f80000,0x00000000d6080000)
 ParOldGen       total 703488K, used 703237K [0x0000000080000000, 0x00000000aaf00000, 0x00000000d5580000)
  object space 703488K, 99% used [0x0000000080000000,0x00000000aaec1740,0x00000000aaf00000)
 Metaspace       used 89632K, committed 91584K, reserved 1179648K
  class space    used 8656K, committed 9664K, reserved 1048576K
}
Event: 3504.746 GC heap before
{Heap before GC invocations=3902 (full 7):
 PSYoungGen      total 11264K, used 11104K [0x00000000d5580000, 0x00000000d6200000, 0x0000000100000000)
  eden space 10240K, 100% used [0x00000000d5580000,0x00000000d5f80000,0x00000000d5f80000)
  from space 1024K, 84% used [0x00000000d6080000,0x00000000d6158020,0x00000000d6180000)
  to   space 1024K, 0% used [0x00000000d5f80000,0x00000000d5f80000,0x00000000d6080000)
 ParOldGen       total 703488K, used 703237K [0x0000000080000000, 0x00000000aaf00000, 0x00000000d5580000)
  object space 703488K, 99% used [0x0000000080000000,0x00000000aaec1740,0x00000000aaf00000)
 Metaspace       used 89632K, committed 91584K, reserved 1179648K
  class space    used 8656K, committed 9664K, reserved 1048576K
}
Event: 3504.751 GC heap after
{Heap after GC invocations=3902 (full 7):
 PSYoungGen      total 11264K, used 992K [0x00000000d5580000, 0x00000000d6180000, 0x0000000100000000)
  eden space 10240K, 0% used [0x00000000d5580000,0x00000000d5580000,0x00000000d5f80000)
  from space 1024K, 96% used [0x00000000d5f80000,0x00000000d6078000,0x00000000d6080000)
  to   space 1024K, 0% used [0x00000000d6080000,0x00000000d6080000,0x00000000d6180000)
 ParOldGen       total 704000K, used 703973K [0x0000000080000000, 0x00000000aaf80000, 0x00000000d5580000)
  object space 704000K, 99% used [0x0000000080000000,0x00000000aaf797c0,0x00000000aaf80000)
 Metaspace       used 89632K, committed 91584K, reserved 1179648K
  class space    used 8656K, committed 9664K, reserved 1048576K
}
Event: 3504.929 GC heap before
{Heap before GC invocations=3903 (full 7):
 PSYoungGen      total 11264K, used 11232K [0x00000000d5580000, 0x00000000d6180000, 0x0000000100000000)
  eden space 10240K, 100% used [0x00000000d5580000,0x00000000d5f80000,0x00000000d5f80000)
  from space 1024K, 96% used [0x00000000d5f80000,0x00000000d6078000,0x00000000d6080000)
  to   space 1024K, 0% used [0x00000000d6080000,0x00000000d6080000,0x00000000d6180000)
 ParOldGen       total 704000K, used 703973K [0x0000000080000000, 0x00000000aaf80000, 0x00000000d5580000)
  object space 704000K, 99% used [0x0000000080000000,0x00000000aaf797c0,0x00000000aaf80000)
 Metaspace       used 89632K, committed 91584K, reserved 1179648K
  class space    used 8656K, committed 9664K, reserved 1048576K
}
Event: 3504.933 GC heap after
{Heap after GC invocations=3903 (full 7):
 PSYoungGen      total 9728K, used 1018K [0x00000000d5580000, 0x00000000d6480000, 0x0000000100000000)
  eden space 8704K, 0% used [0x00000000d5580000,0x00000000d5580000,0x00000000d5e00000)
  from space 1024K, 99% used [0x00000000d6080000,0x00000000d617e920,0x00000000d6180000)
  to   space 2560K, 0% used [0x00000000d5e00000,0x00000000d5e00000,0x00000000d6080000)
 ParOldGen       total 705024K, used 704897K [0x0000000080000000, 0x00000000ab080000, 0x00000000d5580000)
  object space 705024K, 99% used [0x0000000080000000,0x00000000ab060468,0x00000000ab080000)
 Metaspace       used 89632K, committed 91584K, reserved 1179648K
  class space    used 8656K, committed 9664K, reserved 1048576K
}
Event: 3504.947 GC heap before
{Heap before GC invocations=3904 (full 7):
 PSYoungGen      total 9728K, used 9722K [0x00000000d5580000, 0x00000000d6480000, 0x0000000100000000)
  eden space 8704K, 100% used [0x00000000d5580000,0x00000000d5e00000,0x00000000d5e00000)
  from space 1024K, 99% used [0x00000000d6080000,0x00000000d617e920,0x00000000d6180000)
  to   space 2560K, 0% used [0x00000000d5e00000,0x00000000d5e00000,0x00000000d6080000)
 ParOldGen       total 705024K, used 704897K [0x0000000080000000, 0x00000000ab080000, 0x00000000d5580000)
  object space 705024K, 99% used [0x0000000080000000,0x00000000ab060468,0x00000000ab080000)
 Metaspace       used 89632K, committed 91584K, reserved 1179648K
  class space    used 8656K, committed 9664K, reserved 1048576K
}
Event: 3504.951 GC heap after
{Heap after GC invocations=3904 (full 7):
 PSYoungGen      total 9728K, used 800K [0x00000000d5580000, 0x00000000d6100000, 0x0000000100000000)
  eden space 8704K, 0% used [0x00000000d5580000,0x00000000d5580000,0x00000000d5e00000)
  from space 1024K, 78% used [0x00000000d5e00000,0x00000000d5ec8020,0x00000000d5f00000)
  to   space 1536K, 0% used [0x00000000d5f80000,0x00000000d5f80000,0x00000000d6100000)
 ParOldGen       total 706048K, used 705821K [0x0000000080000000, 0x00000000ab180000, 0x00000000d5580000)
  object space 706048K, 99% used [0x0000000080000000,0x00000000ab147618,0x00000000ab180000)
 Metaspace       used 89632K, committed 91584K, reserved 1179648K
  class space    used 8656K, committed 9664K, reserved 1048576K
}
Event: 3505.369 GC heap before
{Heap before GC invocations=3905 (full 7):
 PSYoungGen      total 9728K, used 9504K [0x00000000d5580000, 0x00000000d6100000, 0x0000000100000000)
  eden space 8704K, 100% used [0x00000000d5580000,0x00000000d5e00000,0x00000000d5e00000)
  from space 1024K, 78% used [0x00000000d5e00000,0x00000000d5ec8020,0x00000000d5f00000)
  to   space 1536K, 0% used [0x00000000d5f80000,0x00000000d5f80000,0x00000000d6100000)
 ParOldGen       total 706048K, used 705821K [0x0000000080000000, 0x00000000ab180000, 0x00000000d5580000)
  object space 706048K, 99% used [0x0000000080000000,0x00000000ab147618,0x00000000ab180000)
 Metaspace       used 89632K, committed 91584K, reserved 1179648K
  class space    used 8656K, committed 9664K, reserved 1048576K
}
Event: 3505.372 GC heap after
{Heap after GC invocations=3905 (full 7):
 PSYoungGen      total 9728K, used 768K [0x00000000d5580000, 0x00000000d6080000, 0x0000000100000000)
  eden space 8704K, 0% used [0x00000000d5580000,0x00000000d5580000,0x00000000d5e00000)
  from space 1024K, 75% used [0x00000000d5f80000,0x00000000d6040020,0x00000000d6080000)
  to   space 1024K, 0% used [0x00000000d5e00000,0x00000000d5e00000,0x00000000d5f00000)
 ParOldGen       total 706560K, used 706429K [0x0000000080000000, 0x00000000ab200000, 0x00000000d5580000)
  object space 706560K, 99% used [0x0000000080000000,0x00000000ab1df658,0x00000000ab200000)
 Metaspace       used 89632K, committed 91584K, reserved 1179648K
  class space    used 8656K, committed 9664K, reserved 1048576K
}
Event: 3733.874 GC heap before
{Heap before GC invocations=3906 (full 7):
 PSYoungGen      total 9728K, used 9472K [0x00000000d5580000, 0x00000000d6080000, 0x0000000100000000)
  eden space 8704K, 100% used [0x00000000d5580000,0x00000000d5e00000,0x00000000d5e00000)
  from space 1024K, 75% used [0x00000000d5f80000,0x00000000d6040020,0x00000000d6080000)
  to   space 1024K, 0% used [0x00000000d5e00000,0x00000000d5e00000,0x00000000d5f00000)
 ParOldGen       total 706560K, used 706429K [0x0000000080000000, 0x00000000ab200000, 0x00000000d5580000)
  object space 706560K, 99% used [0x0000000080000000,0x00000000ab1df658,0x00000000ab200000)
 Metaspace       used 89636K, committed 91584K, reserved 1179648K
  class space    used 8656K, committed 9664K, reserved 1048576K
}
Event: 3733.878 GC heap after
{Heap after GC invocations=3906 (full 7):
 PSYoungGen      total 9728K, used 874K [0x00000000d5580000, 0x00000000d6000000, 0x0000000100000000)
  eden space 8704K, 0% used [0x00000000d5580000,0x00000000d5580000,0x00000000d5e00000)
  from space 1024K, 85% used [0x00000000d5e00000,0x00000000d5eda930,0x00000000d5f00000)
  to   space 1024K, 0% used [0x00000000d5f00000,0x00000000d5f00000,0x00000000d6000000)
 ParOldGen       total 707584K, used 707117K [0x0000000080000000, 0x00000000ab300000, 0x00000000d5580000)
  object space 707584K, 99% used [0x0000000080000000,0x00000000ab28b6d8,0x00000000ab300000)
 Metaspace       used 89636K, committed 91584K, reserved 1179648K
  class space    used 8656K, committed 9664K, reserved 1048576K
}
Event: 3734.275 GC heap before
{Heap before GC invocations=3907 (full 7):
 PSYoungGen      total 9728K, used 9578K [0x00000000d5580000, 0x00000000d6000000, 0x0000000100000000)
  eden space 8704K, 100% used [0x00000000d5580000,0x00000000d5e00000,0x00000000d5e00000)
  from space 1024K, 85% used [0x00000000d5e00000,0x00000000d5eda930,0x00000000d5f00000)
  to   space 1024K, 0% used [0x00000000d5f00000,0x00000000d5f00000,0x00000000d6000000)
 ParOldGen       total 707584K, used 707117K [0x0000000080000000, 0x00000000ab300000, 0x00000000d5580000)
  object space 707584K, 99% used [0x0000000080000000,0x00000000ab28b6d8,0x00000000ab300000)
 Metaspace       used 89636K, committed 91584K, reserved 1179648K
  class space    used 8656K, committed 9664K, reserved 1048576K
}
Event: 3734.280 GC heap after
{Heap after GC invocations=3907 (full 7):
 PSYoungGen      total 9728K, used 628K [0x00000000d5580000, 0x00000000d6000000, 0x0000000100000000)
  eden space 8704K, 0% used [0x00000000d5580000,0x00000000d5580000,0x00000000d5e00000)
  from space 1024K, 61% used [0x00000000d5f00000,0x00000000d5f9d200,0x00000000d6000000)
  to   space 1024K, 0% used [0x00000000d5e00000,0x00000000d5e00000,0x00000000d5f00000)
 ParOldGen       total 708096K, used 707722K [0x0000000080000000, 0x00000000ab380000, 0x00000000d5580000)
  object space 708096K, 99% used [0x0000000080000000,0x00000000ab322928,0x00000000ab380000)
 Metaspace       used 89636K, committed 91584K, reserved 1179648K
  class space    used 8656K, committed 9664K, reserved 1048576K
}
Event: 3734.303 GC heap before
{Heap before GC invocations=3908 (full 7):
 PSYoungGen      total 9728K, used 9332K [0x00000000d5580000, 0x00000000d6000000, 0x0000000100000000)
  eden space 8704K, 100% used [0x00000000d5580000,0x00000000d5e00000,0x00000000d5e00000)
  from space 1024K, 61% used [0x00000000d5f00000,0x00000000d5f9d200,0x00000000d6000000)
  to   space 1024K, 0% used [0x00000000d5e00000,0x00000000d5e00000,0x00000000d5f00000)
 ParOldGen       total 708096K, used 707722K [0x0000000080000000, 0x00000000ab380000, 0x00000000d5580000)
  object space 708096K, 99% used [0x0000000080000000,0x00000000ab322928,0x00000000ab380000)
 Metaspace       used 89636K, committed 91584K, reserved 1179648K
  class space    used 8656K, committed 9664K, reserved 1048576K
}
Event: 3734.308 GC heap after
{Heap after GC invocations=3908 (full 7):
 PSYoungGen      total 9728K, used 666K [0x00000000d5580000, 0x00000000d6000000, 0x0000000100000000)
  eden space 8704K, 0% used [0x00000000d5580000,0x00000000d5580000,0x00000000d5e00000)
  from space 1024K, 65% used [0x00000000d5e00000,0x00000000d5ea6900,0x00000000d5f00000)
  to   space 1024K, 0% used [0x00000000d5f00000,0x00000000d5f00000,0x00000000d6000000)
 ParOldGen       total 708608K, used 708162K [0x0000000080000000, 0x00000000ab400000, 0x00000000d5580000)
  object space 708608K, 99% used [0x0000000080000000,0x00000000ab390928,0x00000000ab400000)
 Metaspace       used 89636K, committed 91584K, reserved 1179648K
  class space    used 8656K, committed 9664K, reserved 1048576K
}

