# JRE version: OpenJDK Runtime Environment Temurin-21.0.7+6 (21.0.7+6) (build 21.0.7+6-LTS)
# Java VM: OpenJDK 64-Bit Server VM Temurin-21.0.7+6 (21.0.7+6-LTS, mixed mode, sharing, tiered, compressed oops, compressed class ptrs, parallel gc, windows-amd64)
GC Precious Log:
 CardTable entry size: 512
 CPUs: 16 total, 16 available
 Memory: 20187M
 Large Page Support: Disabled
 NUMA Support: Disabled
 Compressed Oops: Enabled (32-bit)
 Alignments: Space 512K, Generation 512K, Heap 2M
 Heap Min Capacity: 100M
 Heap Initial Capacity: 100M
 Heap Max Capacity: 2G
 Pre-touch: Disabled
 Parallel Workers: 13
Heap:
 PSYoungGen      total 6656K, used 2078K [0x00000000d5580000, 0x00000000d5e00000, 0x0000000100000000)
  eden space 5632K, 20% used [0x00000000d5580000,0x00000000d569fac0,0x00000000d5b00000)
  from space 1024K, 90% used [0x00000000d5d00000,0x00000000d5de8000,0x00000000d5e00000)
  to   space 1536K, 28% used [0x00000000d5b00000,0x00000000d5b6c010,0x00000000d5c80000)
 ParOldGen       total 812544K, used 812536K [0x0000000080000000, 0x00000000b1980000, 0x00000000d5580000)
  object space 812544K, 99% used [0x0000000080000000,0x00000000b197e2a0,0x00000000b1980000)
 Metaspace       used 82171K, committed 83904K, reserved 1179648K
  class space    used 8013K, committed 8832K, reserved 1048576K
GC Heap History (20 events):
Event: 467.032 GC heap before
{Heap before GC invocations=1007 (full 4):
 PSYoungGen      total 7168K, used 7050K [0x00000000d5580000, 0x00000000d5f00000, 0x0000000100000000)
  eden space 6144K, 100% used [0x00000000d5580000,0x00000000d5b80000,0x00000000d5b80000)
  from space 1024K, 88% used [0x00000000d5e00000,0x00000000d5ee2930,0x00000000d5f00000)
  to   space 1024K, 0% used [0x00000000d5b80000,0x00000000d5b80000,0x00000000d5c80000)
 ParOldGen       total 803328K, used 802980K [0x0000000080000000, 0x00000000b1080000, 0x00000000d5580000)
  object space 803328K, 99% used [0x0000000080000000,0x00000000b1029070,0x00000000b1080000)
 Metaspace       used 82126K, committed 83904K, reserved 1179648K
  class space    used 8013K, committed 8832K, reserved 1048576K
}
Event: 467.034 GC heap after
{Heap after GC invocations=1007 (full 4):
 PSYoungGen      total 7168K, used 1012K [0x00000000d5580000, 0x00000000d5f80000, 0x0000000100000000)
  eden space 6144K, 0% used [0x00000000d5580000,0x00000000d5580000,0x00000000d5b80000)
  from space 1024K, 98% used [0x00000000d5b80000,0x00000000d5c7d200,0x00000000d5c80000)
  to   space 2048K, 0% used [0x00000000d5d80000,0x00000000d5d80000,0x00000000d5f80000)
 ParOldGen       total 803840K, used 803753K [0x0000000080000000, 0x00000000b1100000, 0x00000000d5580000)
  object space 803840K, 99% used [0x0000000080000000,0x00000000b10ea5b0,0x00000000b1100000)
 Metaspace       used 82126K, committed 83904K, reserved 1179648K
  class space    used 8013K, committed 8832K, reserved 1048576K
}
Event: 467.765 GC heap before
{Heap before GC invocations=1008 (full 4):
 PSYoungGen      total 7168K, used 7156K [0x00000000d5580000, 0x00000000d5f80000, 0x0000000100000000)
  eden space 6144K, 100% used [0x00000000d5580000,0x00000000d5b80000,0x00000000d5b80000)
  from space 1024K, 98% used [0x00000000d5b80000,0x00000000d5c7d200,0x00000000d5c80000)
  to   space 2048K, 0% used [0x00000000d5d80000,0x00000000d5d80000,0x00000000d5f80000)
 ParOldGen       total 803840K, used 803753K [0x0000000080000000, 0x00000000b1100000, 0x00000000d5580000)
  object space 803840K, 99% used [0x0000000080000000,0x00000000b10ea5b0,0x00000000b1100000)
 Metaspace       used 82129K, committed 83904K, reserved 1179648K
  class space    used 8013K, committed 8832K, reserved 1048576K
}
Event: 467.768 GC heap after
{Heap after GC invocations=1008 (full 4):
 PSYoungGen      total 7168K, used 864K [0x00000000d5580000, 0x00000000d5e80000, 0x0000000100000000)
  eden space 6144K, 0% used [0x00000000d5580000,0x00000000d5580000,0x00000000d5b80000)
  from space 1024K, 84% used [0x00000000d5d80000,0x00000000d5e58000,0x00000000d5e80000)
  to   space 1536K, 0% used [0x00000000d5b80000,0x00000000d5b80000,0x00000000d5d00000)
 ParOldGen       total 804864K, used 804581K [0x0000000080000000, 0x00000000b1200000, 0x00000000d5580000)
  object space 804864K, 99% used [0x0000000080000000,0x00000000b11b97e0,0x00000000b1200000)
 Metaspace       used 82129K, committed 83904K, reserved 1179648K
  class space    used 8013K, committed 8832K, reserved 1048576K
}
Event: 467.824 GC heap before
{Heap before GC invocations=1009 (full 4):
 PSYoungGen      total 7168K, used 7008K [0x00000000d5580000, 0x00000000d5e80000, 0x0000000100000000)
  eden space 6144K, 100% used [0x00000000d5580000,0x00000000d5b80000,0x00000000d5b80000)
  from space 1024K, 84% used [0x00000000d5d80000,0x00000000d5e58000,0x00000000d5e80000)
  to   space 1536K, 0% used [0x00000000d5b80000,0x00000000d5b80000,0x00000000d5d00000)
 ParOldGen       total 804864K, used 804581K [0x0000000080000000, 0x00000000b1200000, 0x00000000d5580000)
  object space 804864K, 99% used [0x0000000080000000,0x00000000b11b97e0,0x00000000b1200000)
 Metaspace       used 82146K, committed 83904K, reserved 1179648K
  class space    used 8013K, committed 8832K, reserved 1048576K
}
Event: 467.826 GC heap after
{Heap after GC invocations=1009 (full 4):
 PSYoungGen      total 7680K, used 986K [0x00000000d5580000, 0x00000000d5e00000, 0x0000000100000000)
  eden space 6144K, 0% used [0x00000000d5580000,0x00000000d5580000,0x00000000d5b80000)
  from space 1536K, 64% used [0x00000000d5b80000,0x00000000d5c76900,0x00000000d5d00000)
  to   space 1024K, 0% used [0x00000000d5d00000,0x00000000d5d00000,0x00000000d5e00000)
 ParOldGen       total 805376K, used 805366K [0x0000000080000000, 0x00000000b1280000, 0x00000000d5580000)
  object space 805376K, 99% used [0x0000000080000000,0x00000000b127d820,0x00000000b1280000)
 Metaspace       used 82146K, committed 83904K, reserved 1179648K
  class space    used 8013K, committed 8832K, reserved 1048576K
}
Event: 467.838 GC heap before
{Heap before GC invocations=1010 (full 4):
 PSYoungGen      total 7680K, used 7130K [0x00000000d5580000, 0x00000000d5e00000, 0x0000000100000000)
  eden space 6144K, 100% used [0x00000000d5580000,0x00000000d5b80000,0x00000000d5b80000)
  from space 1536K, 64% used [0x00000000d5b80000,0x00000000d5c76900,0x00000000d5d00000)
  to   space 1024K, 0% used [0x00000000d5d00000,0x00000000d5d00000,0x00000000d5e00000)
 ParOldGen       total 805376K, used 805366K [0x0000000080000000, 0x00000000b1280000, 0x00000000d5580000)
  object space 805376K, 99% used [0x0000000080000000,0x00000000b127d820,0x00000000b1280000)
 Metaspace       used 82148K, committed 83904K, reserved 1179648K
  class space    used 8013K, committed 8832K, reserved 1048576K
}
Event: 467.840 GC heap after
{Heap after GC invocations=1010 (full 4):
 PSYoungGen      total 6656K, used 384K [0x00000000d5580000, 0x00000000d5d80000, 0x0000000100000000)
  eden space 6144K, 0% used [0x00000000d5580000,0x00000000d5580000,0x00000000d5b80000)
  from space 512K, 75% used [0x00000000d5d00000,0x00000000d5d60000,0x00000000d5d80000)
  to   space 1024K, 0% used [0x00000000d5b80000,0x00000000d5b80000,0x00000000d5c80000)
 ParOldGen       total 806400K, used 806158K [0x0000000080000000, 0x00000000b1380000, 0x00000000d5580000)
  object space 806400K, 99% used [0x0000000080000000,0x00000000b1343a40,0x00000000b1380000)
 Metaspace       used 82148K, committed 83904K, reserved 1179648K
  class space    used 8013K, committed 8832K, reserved 1048576K
}
Event: 468.065 GC heap before
{Heap before GC invocations=1011 (full 4):
 PSYoungGen      total 6656K, used 6528K [0x00000000d5580000, 0x00000000d5d80000, 0x0000000100000000)
  eden space 6144K, 100% used [0x00000000d5580000,0x00000000d5b80000,0x00000000d5b80000)
  from space 512K, 75% used [0x00000000d5d00000,0x00000000d5d60000,0x00000000d5d80000)
  to   space 1024K, 0% used [0x00000000d5b80000,0x00000000d5b80000,0x00000000d5c80000)
 ParOldGen       total 806400K, used 806158K [0x0000000080000000, 0x00000000b1380000, 0x00000000d5580000)
  object space 806400K, 99% used [0x0000000080000000,0x00000000b1343a40,0x00000000b1380000)
 Metaspace       used 82152K, committed 83904K, reserved 1179648K
  class space    used 8013K, committed 8832K, reserved 1048576K
}
Event: 468.070 GC heap after
{Heap after GC invocations=1011 (full 4):
 PSYoungGen      total 7168K, used 608K [0x00000000d5580000, 0x00000000d5d80000, 0x0000000100000000)
  eden space 6144K, 0% used [0x00000000d5580000,0x00000000d5580000,0x00000000d5b80000)
  from space 1024K, 59% used [0x00000000d5b80000,0x00000000d5c18000,0x00000000d5c80000)
  to   space 1024K, 0% used [0x00000000d5c80000,0x00000000d5c80000,0x00000000d5d80000)
 ParOldGen       total 806400K, used 806270K [0x0000000080000000, 0x00000000b1380000, 0x00000000d5580000)
  object space 806400K, 99% used [0x0000000080000000,0x00000000b135fa40,0x00000000b1380000)
 Metaspace       used 82152K, committed 83904K, reserved 1179648K
  class space    used 8013K, committed 8832K, reserved 1048576K
}
Event: 468.100 GC heap before
{Heap before GC invocations=1012 (full 4):
 PSYoungGen      total 7168K, used 6752K [0x00000000d5580000, 0x00000000d5d80000, 0x0000000100000000)
  eden space 6144K, 100% used [0x00000000d5580000,0x00000000d5b80000,0x00000000d5b80000)
  from space 1024K, 59% used [0x00000000d5b80000,0x00000000d5c18000,0x00000000d5c80000)
  to   space 1024K, 0% used [0x00000000d5c80000,0x00000000d5c80000,0x00000000d5d80000)
 ParOldGen       total 806400K, used 806270K [0x0000000080000000, 0x00000000b1380000, 0x00000000d5580000)
  object space 806400K, 99% used [0x0000000080000000,0x00000000b135fa40,0x00000000b1380000)
 Metaspace       used 82158K, committed 83904K, reserved 1179648K
  class space    used 8013K, committed 8832K, reserved 1048576K
}
Event: 468.101 GC heap after
{Heap after GC invocations=1012 (full 4):
 PSYoungGen      total 7168K, used 512K [0x00000000d5580000, 0x00000000d5d80000, 0x0000000100000000)
  eden space 6144K, 0% used [0x00000000d5580000,0x00000000d5580000,0x00000000d5b80000)
  from space 1024K, 50% used [0x00000000d5c80000,0x00000000d5d00000,0x00000000d5d80000)
  to   space 1024K, 0% used [0x00000000d5b80000,0x00000000d5b80000,0x00000000d5c80000)
 ParOldGen       total 806912K, used 806691K [0x0000000080000000, 0x00000000b1400000, 0x00000000d5580000)
  object space 806912K, 99% used [0x0000000080000000,0x00000000b13c8c70,0x00000000b1400000)
 Metaspace       used 82158K, committed 83904K, reserved 1179648K
  class space    used 8013K, committed 8832K, reserved 1048576K
}
Event: 468.240 GC heap before
{Heap before GC invocations=1013 (full 4):
 PSYoungGen      total 7168K, used 6583K [0x00000000d5580000, 0x00000000d5d80000, 0x0000000100000000)
  eden space 6144K, 98% used [0x00000000d5580000,0x00000000d5b6dc20,0x00000000d5b80000)
  from space 1024K, 50% used [0x00000000d5c80000,0x00000000d5d00000,0x00000000d5d80000)
  to   space 1024K, 0% used [0x00000000d5b80000,0x00000000d5b80000,0x00000000d5c80000)
 ParOldGen       total 806912K, used 806691K [0x0000000080000000, 0x00000000b1400000, 0x00000000d5580000)
  object space 806912K, 99% used [0x0000000080000000,0x00000000b13c8c70,0x00000000b1400000)
 Metaspace       used 82161K, committed 83904K, reserved 1179648K
  class space    used 8013K, committed 8832K, reserved 1048576K
}
Event: 469.257 GC heap after
{Heap after GC invocations=1013 (full 4):
 PSYoungGen      total 7168K, used 912K [0x00000000d5580000, 0x00000000d5f00000, 0x0000000100000000)
  eden space 6144K, 0% used [0x00000000d5580000,0x00000000d5580000,0x00000000d5b80000)
  from space 1024K, 89% used [0x00000000d5b80000,0x00000000d5c641a0,0x00000000d5c80000)
  to   space 1024K, 0% used [0x00000000d5e00000,0x00000000d5e00000,0x00000000d5f00000)
 ParOldGen       total 807936K, used 807798K [0x0000000080000000, 0x00000000b1500000, 0x00000000d5580000)
  object space 807936K, 99% used [0x0000000080000000,0x00000000b14dd9e8,0x00000000b1500000)
 Metaspace       used 82161K, committed 83904K, reserved 1179648K
  class space    used 8013K, committed 8832K, reserved 1048576K
}
Event: 469.261 GC heap before
{Heap before GC invocations=1014 (full 4):
 PSYoungGen      total 7168K, used 7056K [0x00000000d5580000, 0x00000000d5f00000, 0x0000000100000000)
  eden space 6144K, 100% used [0x00000000d5580000,0x00000000d5b80000,0x00000000d5b80000)
  from space 1024K, 89% used [0x00000000d5b80000,0x00000000d5c641a0,0x00000000d5c80000)
  to   space 1024K, 0% used [0x00000000d5e00000,0x00000000d5e00000,0x00000000d5f00000)
 ParOldGen       total 807936K, used 807798K [0x0000000080000000, 0x00000000b1500000, 0x00000000d5580000)
  object space 807936K, 99% used [0x0000000080000000,0x00000000b14dd9e8,0x00000000b1500000)
 Metaspace       used 82161K, committed 83904K, reserved 1179648K
  class space    used 8013K, committed 8832K, reserved 1048576K
}
Event: 470.281 GC heap after
{Heap after GC invocations=1014 (full 4):
 PSYoungGen      total 5632K, used 1021K [0x00000000d5580000, 0x00000000d6500000, 0x0000000100000000)
  eden space 4608K, 0% used [0x00000000d5580000,0x00000000d5580000,0x00000000d5a00000)
  from space 1024K, 99% used [0x00000000d5e00000,0x00000000d5eff460,0x00000000d5f00000)
  to   space 4096K, 0% used [0x00000000d5a00000,0x00000000d5a00000,0x00000000d5e00000)
 ParOldGen       total 810496K, used 810315K [0x0000000080000000, 0x00000000b1780000, 0x00000000d5580000)
  object space 810496K, 99% used [0x0000000080000000,0x00000000b1752d90,0x00000000b1780000)
 Metaspace       used 82161K, committed 83904K, reserved 1179648K
  class space    used 8013K, committed 8832K, reserved 1048576K
}
Event: 470.295 GC heap before
{Heap before GC invocations=1015 (full 4):
 PSYoungGen      total 5632K, used 5629K [0x00000000d5580000, 0x00000000d6500000, 0x0000000100000000)
  eden space 4608K, 100% used [0x00000000d5580000,0x00000000d5a00000,0x00000000d5a00000)
  from space 1024K, 99% used [0x00000000d5e00000,0x00000000d5eff460,0x00000000d5f00000)
  to   space 4096K, 0% used [0x00000000d5a00000,0x00000000d5a00000,0x00000000d5e00000)
 ParOldGen       total 810496K, used 810315K [0x0000000080000000, 0x00000000b1780000, 0x00000000d5580000)
  object space 810496K, 99% used [0x0000000080000000,0x00000000b1752d90,0x00000000b1780000)
 Metaspace       used 82162K, committed 83904K, reserved 1179648K
  class space    used 8013K, committed 8832K, reserved 1048576K
}
Event: 470.300 GC heap after
{Heap after GC invocations=1015 (full 4):
 PSYoungGen      total 5632K, used 884K [0x00000000d5580000, 0x00000000d5f00000, 0x0000000100000000)
  eden space 4608K, 0% used [0x00000000d5580000,0x00000000d5580000,0x00000000d5a00000)
  from space 1024K, 86% used [0x00000000d5a00000,0x00000000d5add200,0x00000000d5b00000)
  to   space 2048K, 0% used [0x00000000d5d00000,0x00000000d5d00000,0x00000000d5f00000)
 ParOldGen       total 811520K, used 811304K [0x0000000080000000, 0x00000000b1880000, 0x00000000d5580000)
  object space 811520K, 99% used [0x0000000080000000,0x00000000b184a080,0x00000000b1880000)
 Metaspace       used 82162K, committed 83904K, reserved 1179648K
  class space    used 8013K, committed 8832K, reserved 1048576K
}
Event: 471.336 GC heap before
{Heap before GC invocations=1016 (full 4):
 PSYoungGen      total 5632K, used 5492K [0x00000000d5580000, 0x00000000d5f00000, 0x0000000100000000)
  eden space 4608K, 100% used [0x00000000d5580000,0x00000000d5a00000,0x00000000d5a00000)
  from space 1024K, 86% used [0x00000000d5a00000,0x00000000d5add200,0x00000000d5b00000)
  to   space 2048K, 0% used [0x00000000d5d00000,0x00000000d5d00000,0x00000000d5f00000)
 ParOldGen       total 811520K, used 811304K [0x0000000080000000, 0x00000000b1880000, 0x00000000d5580000)
  object space 811520K, 99% used [0x0000000080000000,0x00000000b184a080,0x00000000b1880000)
 Metaspace       used 82166K, committed 83904K, reserved 1179648K
  class space    used 8013K, committed 8832K, reserved 1048576K
}
Event: 472.346 GC heap after
{Heap after GC invocations=1016 (full 4):
 PSYoungGen      total 6656K, used 928K [0x00000000d5580000, 0x00000000d5e00000, 0x0000000100000000)
  eden space 5632K, 0% used [0x00000000d5580000,0x00000000d5580000,0x00000000d5b00000)
  from space 1024K, 90% used [0x00000000d5d00000,0x00000000d5de8000,0x00000000d5e00000)
  to   space 1536K, 0% used [0x00000000d5b00000,0x00000000d5b00000,0x00000000d5c80000)
 ParOldGen       total 812032K, used 811948K [0x0000000080000000, 0x00000000b1900000, 0x00000000d5580000)
  object space 812032K, 99% used [0x0000000080000000,0x00000000b18eb290,0x00000000b1900000)
 Metaspace       used 82166K, committed 83904K, reserved 1179648K
  class space    used 8013K, committed 8832K, reserved 1048576K
}

