# JRE version: OpenJDK Runtime Environment Temurin-21.0.7+6 (21.0.7+6) (build 21.0.7+6-LTS)
# Java VM: OpenJDK 64-Bit Server VM Temurin-21.0.7+6 (21.0.7+6-LTS, mixed mode, sharing, tiered, compressed oops, compressed class ptrs, parallel gc, windows-amd64)
GC Precious Log:
 CardTable entry size: 512
 CPUs: 16 total, 16 available
 Memory: 20187M
 Large Page Support: Disabled
 NUMA Support: Disabled
 Compressed Oops: Enabled (32-bit)
 Alignments: Space 512K, Generation 512K, Heap 2M
 Heap Min Capacity: 100M
 Heap Initial Capacity: 100M
 Heap Max Capacity: 2G
 Pre-touch: Disabled
 Parallel Workers: 13
Heap:
 PSYoungGen      total 7168K, used 2198K [0x00000000d5580000, 0x00000000d5d80000, 0x0000000100000000)
  eden space 6144K, 20% used [0x00000000d5580000,0x00000000d56c1880,0x00000000d5b80000)
  from space 1024K, 89% used [0x00000000d5c80000,0x00000000d5d64010,0x00000000d5d80000)
  to   space 1024K, 0% used [0x00000000d5b80000,0x00000000d5b80000,0x00000000d5c80000)
 ParOldGen       total 1121792K, used 140988K [0x0000000080000000, 0x00000000c4780000, 0x00000000d5580000)
  object space 1121792K, 12% used [0x0000000080000000,0x00000000889af338,0x00000000c4780000)
 Metaspace       used 89175K, committed 91008K, reserved 1179648K
  class space    used 8462K, committed 9280K, reserved 1048576K
GC Heap History (20 events):
Event: 3865.724 GC heap before
{Heap before GC invocations=2035 (full 5):
 PSYoungGen      total 8192K, used 7432K [0x00000000d5580000, 0x00000000d5f00000, 0x0000000100000000)
  eden space 7680K, 90% used [0x00000000d5580000,0x00000000d5c49198,0x00000000d5d00000)
  from space 512K, 94% used [0x00000000d5d80000,0x00000000d5df9210,0x00000000d5e00000)
  to   space 1024K, 0% used [0x00000000d5e00000,0x00000000d5e00000,0x00000000d5f00000)
 ParOldGen       total 1121792K, used 967674K [0x0000000080000000, 0x00000000c4780000, 0x00000000d5580000)
  object space 1121792K, 86% used [0x0000000080000000,0x00000000bb0fe950,0x00000000c4780000)
 Metaspace       used 89365K, committed 91072K, reserved 1179648K
  class space    used 8483K, committed 9280K, reserved 1048576K
}
Event: 3865.728 GC heap after
{Heap after GC invocations=2035 (full 5):
 PSYoungGen      total 7680K, used 1008K [0x00000000d5580000, 0x00000000d6100000, 0x0000000100000000)
  eden space 6656K, 0% used [0x00000000d5580000,0x00000000d5580000,0x00000000d5c00000)
  from space 1024K, 98% used [0x00000000d5e00000,0x00000000d5efc010,0x00000000d5f00000)
  to   space 2048K, 0% used [0x00000000d5c00000,0x00000000d5c00000,0x00000000d5e00000)
 ParOldGen       total 1121792K, used 968367K [0x0000000080000000, 0x00000000c4780000, 0x00000000d5580000)
  object space 1121792K, 86% used [0x0000000080000000,0x00000000bb1abd10,0x00000000c4780000)
 Metaspace       used 89365K, committed 91072K, reserved 1179648K
  class space    used 8483K, committed 9280K, reserved 1048576K
}
Event: 3865.785 GC heap before
{Heap before GC invocations=2036 (full 5):
 PSYoungGen      total 7680K, used 7664K [0x00000000d5580000, 0x00000000d6100000, 0x0000000100000000)
  eden space 6656K, 100% used [0x00000000d5580000,0x00000000d5c00000,0x00000000d5c00000)
  from space 1024K, 98% used [0x00000000d5e00000,0x00000000d5efc010,0x00000000d5f00000)
  to   space 2048K, 0% used [0x00000000d5c00000,0x00000000d5c00000,0x00000000d5e00000)
 ParOldGen       total 1121792K, used 968367K [0x0000000080000000, 0x00000000c4780000, 0x00000000d5580000)
  object space 1121792K, 86% used [0x0000000080000000,0x00000000bb1abd10,0x00000000c4780000)
 Metaspace       used 89365K, committed 91072K, reserved 1179648K
  class space    used 8483K, committed 9280K, reserved 1048576K
}
Event: 3865.789 GC heap after
{Heap after GC invocations=2036 (full 5):
 PSYoungGen      total 7680K, used 863K [0x00000000d5580000, 0x00000000d5f00000, 0x0000000100000000)
  eden space 6656K, 0% used [0x00000000d5580000,0x00000000d5580000,0x00000000d5c00000)
  from space 1024K, 84% used [0x00000000d5c00000,0x00000000d5cd7f48,0x00000000d5d00000)
  to   space 1536K, 0% used [0x00000000d5d80000,0x00000000d5d80000,0x00000000d5f00000)
 ParOldGen       total 1121792K, used 969397K [0x0000000080000000, 0x00000000c4780000, 0x00000000d5580000)
  object space 1121792K, 86% used [0x0000000080000000,0x00000000bb2ad4a8,0x00000000c4780000)
 Metaspace       used 89365K, committed 91072K, reserved 1179648K
  class space    used 8483K, committed 9280K, reserved 1048576K
}
Event: 3865.829 GC heap before
{Heap before GC invocations=2037 (full 5):
 PSYoungGen      total 7680K, used 7519K [0x00000000d5580000, 0x00000000d5f00000, 0x0000000100000000)
  eden space 6656K, 100% used [0x00000000d5580000,0x00000000d5c00000,0x00000000d5c00000)
  from space 1024K, 84% used [0x00000000d5c00000,0x00000000d5cd7f48,0x00000000d5d00000)
  to   space 1536K, 0% used [0x00000000d5d80000,0x00000000d5d80000,0x00000000d5f00000)
 ParOldGen       total 1121792K, used 969397K [0x0000000080000000, 0x00000000c4780000, 0x00000000d5580000)
  object space 1121792K, 86% used [0x0000000080000000,0x00000000bb2ad4a8,0x00000000c4780000)
 Metaspace       used 89365K, committed 91072K, reserved 1179648K
  class space    used 8483K, committed 9280K, reserved 1048576K
}
Event: 3865.834 GC heap after
{Heap after GC invocations=2037 (full 5):
 PSYoungGen      total 7680K, used 752K [0x00000000d5580000, 0x00000000d5e80000, 0x0000000100000000)
  eden space 6656K, 0% used [0x00000000d5580000,0x00000000d5580000,0x00000000d5c00000)
  from space 1024K, 73% used [0x00000000d5d80000,0x00000000d5e3c030,0x00000000d5e80000)
  to   space 1024K, 0% used [0x00000000d5c00000,0x00000000d5c00000,0x00000000d5d00000)
 ParOldGen       total 1121792K, used 970085K [0x0000000080000000, 0x00000000c4780000, 0x00000000d5580000)
  object space 1121792K, 86% used [0x0000000080000000,0x00000000bb3594c8,0x00000000c4780000)
 Metaspace       used 89365K, committed 91072K, reserved 1179648K
  class space    used 8483K, committed 9280K, reserved 1048576K
}
Event: 3865.841 GC heap before
{Heap before GC invocations=2038 (full 5):
 PSYoungGen      total 7680K, used 2676K [0x00000000d5580000, 0x00000000d5e80000, 0x0000000100000000)
  eden space 6656K, 28% used [0x00000000d5580000,0x00000000d5760ff8,0x00000000d5c00000)
  from space 1024K, 73% used [0x00000000d5d80000,0x00000000d5e3c030,0x00000000d5e80000)
  to   space 1024K, 0% used [0x00000000d5c00000,0x00000000d5c00000,0x00000000d5d00000)
 ParOldGen       total 1121792K, used 970085K [0x0000000080000000, 0x00000000c4780000, 0x00000000d5580000)
  object space 1121792K, 86% used [0x0000000080000000,0x00000000bb3594c8,0x00000000c4780000)
 Metaspace       used 89371K, committed 91072K, reserved 1179648K
  class space    used 8484K, committed 9280K, reserved 1048576K
}
Event: 3865.844 GC heap after
{Heap after GC invocations=2038 (full 5):
 PSYoungGen      total 7680K, used 576K [0x00000000d5580000, 0x00000000d5e00000, 0x0000000100000000)
  eden space 6656K, 0% used [0x00000000d5580000,0x00000000d5580000,0x00000000d5c00000)
  from space 1024K, 56% used [0x00000000d5c00000,0x00000000d5c90000,0x00000000d5d00000)
  to   space 1024K, 0% used [0x00000000d5d00000,0x00000000d5d00000,0x00000000d5e00000)
 ParOldGen       total 1121792K, used 970713K [0x0000000080000000, 0x00000000c4780000, 0x00000000d5580000)
  object space 1121792K, 86% used [0x0000000080000000,0x00000000bb3f6518,0x00000000c4780000)
 Metaspace       used 89371K, committed 91072K, reserved 1179648K
  class space    used 8484K, committed 9280K, reserved 1048576K
}
Event: 3865.844 GC heap before
{Heap before GC invocations=2039 (full 6):
 PSYoungGen      total 7680K, used 576K [0x00000000d5580000, 0x00000000d5e00000, 0x0000000100000000)
  eden space 6656K, 0% used [0x00000000d5580000,0x00000000d5580000,0x00000000d5c00000)
  from space 1024K, 56% used [0x00000000d5c00000,0x00000000d5c90000,0x00000000d5d00000)
  to   space 1024K, 0% used [0x00000000d5d00000,0x00000000d5d00000,0x00000000d5e00000)
 ParOldGen       total 1121792K, used 970713K [0x0000000080000000, 0x00000000c4780000, 0x00000000d5580000)
  object space 1121792K, 86% used [0x0000000080000000,0x00000000bb3f6518,0x00000000c4780000)
 Metaspace       used 89371K, committed 91072K, reserved 1179648K
  class space    used 8484K, committed 9280K, reserved 1048576K
}
Event: 3866.075 GC heap after
{Heap after GC invocations=2039 (full 6):
 PSYoungGen      total 7680K, used 0K [0x00000000d5580000, 0x00000000d5e00000, 0x0000000100000000)
  eden space 6656K, 0% used [0x00000000d5580000,0x00000000d5580000,0x00000000d5c00000)
  from space 1024K, 0% used [0x00000000d5c00000,0x00000000d5c00000,0x00000000d5d00000)
  to   space 1024K, 0% used [0x00000000d5d00000,0x00000000d5d00000,0x00000000d5e00000)
 ParOldGen       total 1121792K, used 138123K [0x0000000080000000, 0x00000000c4780000, 0x00000000d5580000)
  object space 1121792K, 12% used [0x0000000080000000,0x00000000886e2e58,0x00000000c4780000)
 Metaspace       used 89114K, committed 91008K, reserved 1179648K
  class space    used 8462K, committed 9280K, reserved 1048576K
}
Event: 3866.118 GC heap before
{Heap before GC invocations=2040 (full 6):
 PSYoungGen      total 7680K, used 6656K [0x00000000d5580000, 0x00000000d5e00000, 0x0000000100000000)
  eden space 6656K, 100% used [0x00000000d5580000,0x00000000d5c00000,0x00000000d5c00000)
  from space 1024K, 0% used [0x00000000d5c00000,0x00000000d5c00000,0x00000000d5d00000)
  to   space 1024K, 0% used [0x00000000d5d00000,0x00000000d5d00000,0x00000000d5e00000)
 ParOldGen       total 1121792K, used 138123K [0x0000000080000000, 0x00000000c4780000, 0x00000000d5580000)
  object space 1121792K, 12% used [0x0000000080000000,0x00000000886e2e58,0x00000000c4780000)
 Metaspace       used 89118K, committed 91008K, reserved 1179648K
  class space    used 8462K, committed 9280K, reserved 1048576K
}
Event: 3866.121 GC heap after
{Heap after GC invocations=2040 (full 6):
 PSYoungGen      total 7168K, used 1012K [0x00000000d5580000, 0x00000000d5f00000, 0x0000000100000000)
  eden space 6144K, 0% used [0x00000000d5580000,0x00000000d5580000,0x00000000d5b80000)
  from space 1024K, 98% used [0x00000000d5d00000,0x00000000d5dfd200,0x00000000d5e00000)
  to   space 1536K, 0% used [0x00000000d5b80000,0x00000000d5b80000,0x00000000d5d00000)
 ParOldGen       total 1121792K, used 138209K [0x0000000080000000, 0x00000000c4780000, 0x00000000d5580000)
  object space 1121792K, 12% used [0x0000000080000000,0x00000000886f85d8,0x00000000c4780000)
 Metaspace       used 89118K, committed 91008K, reserved 1179648K
  class space    used 8462K, committed 9280K, reserved 1048576K
}
Event: 3866.147 GC heap before
{Heap before GC invocations=2041 (full 6):
 PSYoungGen      total 7168K, used 7156K [0x00000000d5580000, 0x00000000d5f00000, 0x0000000100000000)
  eden space 6144K, 100% used [0x00000000d5580000,0x00000000d5b80000,0x00000000d5b80000)
  from space 1024K, 98% used [0x00000000d5d00000,0x00000000d5dfd200,0x00000000d5e00000)
  to   space 1536K, 0% used [0x00000000d5b80000,0x00000000d5b80000,0x00000000d5d00000)
 ParOldGen       total 1121792K, used 138209K [0x0000000080000000, 0x00000000c4780000, 0x00000000d5580000)
  object space 1121792K, 12% used [0x0000000080000000,0x00000000886f85d8,0x00000000c4780000)
 Metaspace       used 89165K, committed 91008K, reserved 1179648K
  class space    used 8462K, committed 9280K, reserved 1048576K
}
Event: 3866.148 GC heap after
{Heap after GC invocations=2041 (full 6):
 PSYoungGen      total 7168K, used 608K [0x00000000d5580000, 0x00000000d5d80000, 0x0000000100000000)
  eden space 6144K, 0% used [0x00000000d5580000,0x00000000d5580000,0x00000000d5b80000)
  from space 1024K, 59% used [0x00000000d5b80000,0x00000000d5c18040,0x00000000d5c80000)
  to   space 1024K, 0% used [0x00000000d5c80000,0x00000000d5c80000,0x00000000d5d80000)
 ParOldGen       total 1121792K, used 139122K [0x0000000080000000, 0x00000000c4780000, 0x00000000d5580000)
  object space 1121792K, 12% used [0x0000000080000000,0x00000000887dc900,0x00000000c4780000)
 Metaspace       used 89165K, committed 91008K, reserved 1179648K
  class space    used 8462K, committed 9280K, reserved 1048576K
}
Event: 3866.173 GC heap before
{Heap before GC invocations=2042 (full 6):
 PSYoungGen      total 7168K, used 6752K [0x00000000d5580000, 0x00000000d5d80000, 0x0000000100000000)
  eden space 6144K, 100% used [0x00000000d5580000,0x00000000d5b80000,0x00000000d5b80000)
  from space 1024K, 59% used [0x00000000d5b80000,0x00000000d5c18040,0x00000000d5c80000)
  to   space 1024K, 0% used [0x00000000d5c80000,0x00000000d5c80000,0x00000000d5d80000)
 ParOldGen       total 1121792K, used 139122K [0x0000000080000000, 0x00000000c4780000, 0x00000000d5580000)
  object space 1121792K, 12% used [0x0000000080000000,0x00000000887dc900,0x00000000c4780000)
 Metaspace       used 89165K, committed 91008K, reserved 1179648K
  class space    used 8462K, committed 9280K, reserved 1048576K
}
Event: 3866.175 GC heap after
{Heap after GC invocations=2042 (full 6):
 PSYoungGen      total 7168K, used 916K [0x00000000d5580000, 0x00000000d5d80000, 0x0000000100000000)
  eden space 6144K, 0% used [0x00000000d5580000,0x00000000d5580000,0x00000000d5b80000)
  from space 1024K, 89% used [0x00000000d5c80000,0x00000000d5d65078,0x00000000d5d80000)
  to   space 1024K, 0% used [0x00000000d5b80000,0x00000000d5b80000,0x00000000d5c80000)
 ParOldGen       total 1121792K, used 139626K [0x0000000080000000, 0x00000000c4780000, 0x00000000d5580000)
  object space 1121792K, 12% used [0x0000000080000000,0x000000008885a940,0x00000000c4780000)
 Metaspace       used 89165K, committed 91008K, reserved 1179648K
  class space    used 8462K, committed 9280K, reserved 1048576K
}
Event: 3866.206 GC heap before
{Heap before GC invocations=2043 (full 6):
 PSYoungGen      total 7168K, used 7060K [0x00000000d5580000, 0x00000000d5d80000, 0x0000000100000000)
  eden space 6144K, 99% used [0x00000000d5580000,0x00000000d5b7fff8,0x00000000d5b80000)
  from space 1024K, 89% used [0x00000000d5c80000,0x00000000d5d65078,0x00000000d5d80000)
  to   space 1024K, 0% used [0x00000000d5b80000,0x00000000d5b80000,0x00000000d5c80000)
 ParOldGen       total 1121792K, used 139626K [0x0000000080000000, 0x00000000c4780000, 0x00000000d5580000)
  object space 1121792K, 12% used [0x0000000080000000,0x000000008885a940,0x00000000c4780000)
 Metaspace       used 89165K, committed 91008K, reserved 1179648K
  class space    used 8462K, committed 9280K, reserved 1048576K
}
Event: 3866.207 GC heap after
{Heap after GC invocations=2043 (full 6):
 PSYoungGen      total 7168K, used 784K [0x00000000d5580000, 0x00000000d5d80000, 0x0000000100000000)
  eden space 6144K, 0% used [0x00000000d5580000,0x00000000d5580000,0x00000000d5b80000)
  from space 1024K, 76% used [0x00000000d5b80000,0x00000000d5c44010,0x00000000d5c80000)
  to   space 1024K, 0% used [0x00000000d5c80000,0x00000000d5c80000,0x00000000d5d80000)
 ParOldGen       total 1121792K, used 140344K [0x0000000080000000, 0x00000000c4780000, 0x00000000d5580000)
  object space 1121792K, 12% used [0x0000000080000000,0x000000008890e308,0x00000000c4780000)
 Metaspace       used 89165K, committed 91008K, reserved 1179648K
  class space    used 8462K, committed 9280K, reserved 1048576K
}
Event: 3866.412 GC heap before
{Heap before GC invocations=2044 (full 6):
 PSYoungGen      total 7168K, used 6928K [0x00000000d5580000, 0x00000000d5d80000, 0x0000000100000000)
  eden space 6144K, 100% used [0x00000000d5580000,0x00000000d5b80000,0x00000000d5b80000)
  from space 1024K, 76% used [0x00000000d5b80000,0x00000000d5c44010,0x00000000d5c80000)
  to   space 1024K, 0% used [0x00000000d5c80000,0x00000000d5c80000,0x00000000d5d80000)
 ParOldGen       total 1121792K, used 140344K [0x0000000080000000, 0x00000000c4780000, 0x00000000d5580000)
  object space 1121792K, 12% used [0x0000000080000000,0x000000008890e308,0x00000000c4780000)
 Metaspace       used 89166K, committed 91008K, reserved 1179648K
  class space    used 8462K, committed 9280K, reserved 1048576K
}
Event: 3866.414 GC heap after
{Heap after GC invocations=2044 (full 6):
 PSYoungGen      total 7168K, used 912K [0x00000000d5580000, 0x00000000d5d80000, 0x0000000100000000)
  eden space 6144K, 0% used [0x00000000d5580000,0x00000000d5580000,0x00000000d5b80000)
  from space 1024K, 89% used [0x00000000d5c80000,0x00000000d5d64010,0x00000000d5d80000)
  to   space 1024K, 0% used [0x00000000d5b80000,0x00000000d5b80000,0x00000000d5c80000)
 ParOldGen       total 1121792K, used 140988K [0x0000000080000000, 0x00000000c4780000, 0x00000000d5580000)
  object space 1121792K, 12% used [0x0000000080000000,0x00000000889af338,0x00000000c4780000)
 Metaspace       used 89166K, committed 91008K, reserved 1179648K
  class space    used 8462K, committed 9280K, reserved 1048576K
}

